2018-06-28 16:23:49.253  INFO 13484 --- [main] c.g.api.validator.TaskValidationNGTest   : Starting TaskValidationNGTest on DESKTOP-E31QF3H with PID 13484 (C:\Users\Ivan\Documents\NetBeansProjects\GCDRelease\GcdApi\target\test-classes started by Ivan in C:\Users\Ivan\Documents\NetBeansProjects\GCDRelease\GcdApi)
2018-06-28 16:23:49.255  INFO 13484 --- [main] c.g.api.validator.TaskValidationNGTest   : No active profile set, falling back to default profiles: default
2018-06-28 16:23:49.312  INFO 13484 --- [main] o.s.w.c.s.GenericWebApplicationContext   : Refreshing org.springframework.web.context.support.GenericWebApplicationContext@13bc8645: startup date [Thu Jun 28 16:23:49 GMT+07:00 2018]; root of context hierarchy
2018-06-28 16:23:50.908  INFO 13484 --- [main] o.s.b.f.s.DefaultListableBeanFactory     : Overriding bean definition for bean 'taskSender' with a different definition: replacing [Generic bean: class [com.gcd.api.messaging.TaskSender]; scope=singleton; abstract=false; lazyInit=false; autowireMode=0; dependencyCheck=0; autowireCandidate=true; primary=false; factoryBeanName=null; factoryMethodName=null; initMethodName=null; destroyMethodName=null; defined in file [C:\Users\Ivan\Documents\NetBeansProjects\GCDRelease\GcdApi\target\classes\com\gcd\api\messaging\TaskSender.class]] with [Root bean: class [null]; scope=; abstract=false; lazyInit=false; autowireMode=3; dependencyCheck=0; autowireCandidate=true; primary=false; factoryBeanName=rabbitConfig; factoryMethodName=taskSender; initMethodName=null; destroyMethodName=(inferred); defined in class path resource [com/gcd/api/config/RabbitConfig.class]]
2018-06-28 16:23:50.910  INFO 13484 --- [main] o.s.b.f.s.DefaultListableBeanFactory     : Overriding bean definition for bean 'taskReceiver' with a different definition: replacing [Generic bean: class [com.gcd.api.messaging.TaskReceiver]; scope=singleton; abstract=false; lazyInit=false; autowireMode=0; dependencyCheck=0; autowireCandidate=true; primary=false; factoryBeanName=null; factoryMethodName=null; initMethodName=null; destroyMethodName=null; defined in file [C:\Users\Ivan\Documents\NetBeansProjects\GCDRelease\GcdApi\target\classes\com\gcd\api\messaging\TaskReceiver.class]] with [Root bean: class [null]; scope=; abstract=false; lazyInit=false; autowireMode=3; dependencyCheck=0; autowireCandidate=true; primary=false; factoryBeanName=rabbitConfig; factoryMethodName=taskReceiver; initMethodName=null; destroyMethodName=(inferred); defined in class path resource [com/gcd/api/config/RabbitConfig.class]]
2018-06-28 16:23:52.127  INFO 13484 --- [main] trationDelegate$BeanPostProcessorChecker : Bean 'org.springframework.amqp.rabbit.annotation.RabbitBootstrapConfiguration' of type [org.springframework.amqp.rabbit.annotation.RabbitBootstrapConfiguration$$EnhancerBySpringCGLIB$$50619d94] is not eligible for getting processed by all BeanPostProcessors (for example: not eligible for auto-proxying)
2018-06-28 16:23:52.375  INFO 13484 --- [main] trationDelegate$BeanPostProcessorChecker : Bean 'org.springframework.transaction.annotation.ProxyTransactionManagementConfiguration' of type [org.springframework.transaction.annotation.ProxyTransactionManagementConfiguration$$EnhancerBySpringCGLIB$$89f5df66] is not eligible for getting processed by all BeanPostProcessors (for example: not eligible for auto-proxying)
2018-06-28 16:23:52.928  INFO 13484 --- [main] com.zaxxer.hikari.HikariDataSource       : HikariPool-1 - Starting...
2018-06-28 16:23:53.206  INFO 13484 --- [main] com.zaxxer.hikari.HikariDataSource       : HikariPool-1 - Start completed.
2018-06-28 16:23:53.280  INFO 13484 --- [main] j.LocalContainerEntityManagerFactoryBean : Building JPA container EntityManagerFactory for persistence unit 'default'
2018-06-28 16:23:53.306  INFO 13484 --- [main] o.hibernate.jpa.internal.util.LogHelper  : HHH000204: Processing PersistenceUnitInfo [
	name: default
	...]
2018-06-28 16:23:53.466  INFO 13484 --- [main] org.hibernate.Version                    : HHH000412: Hibernate Core {5.2.17.Final}
2018-06-28 16:23:53.469  INFO 13484 --- [main] org.hibernate.cfg.Environment            : HHH000206: hibernate.properties not found
2018-06-28 16:23:53.574  INFO 13484 --- [main] o.hibernate.annotations.common.Version   : HCANN000001: Hibernate Commons Annotations {5.0.1.Final}
2018-06-28 16:23:54.000  INFO 13484 --- [main] org.hibernate.dialect.Dialect            : HHH000400: Using dialect: org.hibernate.dialect.PostgreSQL94Dialect
2018-06-28 16:23:54.031  INFO 13484 --- [main] o.h.e.j.e.i.LobCreatorBuilderImpl        : HHH000422: Disabling contextual LOB creation as connection was null
2018-06-28 16:23:54.037  INFO 13484 --- [main] org.hibernate.type.BasicTypeRegistry     : HHH000270: Type registration [java.util.UUID] overrides previous : org.hibernate.type.UUIDBinaryType@5d2828c9
2018-06-28 16:23:55.371  INFO 13484 --- [main] j.LocalContainerEntityManagerFactoryBean : Initialized JPA EntityManagerFactory for persistence unit 'default'
2018-06-28 16:23:57.353  INFO 13484 --- [main] o.s.w.s.handler.SimpleUrlHandlerMapping  : Mapped URL path [/**/favicon.ico] onto handler of type [class org.springframework.web.servlet.resource.ResourceHttpRequestHandler]
2018-06-28 16:23:57.978  INFO 13484 --- [main] s.w.s.m.m.a.RequestMappingHandlerAdapter : Looking for @ControllerAdvice: org.springframework.web.context.support.GenericWebApplicationContext@13bc8645: startup date [Thu Jun 28 16:23:49 GMT+07:00 2018]; root of context hierarchy
2018-06-28 16:23:58.100  WARN 13484 --- [main] aWebConfiguration$JpaWebMvcConfiguration : spring.jpa.open-in-view is enabled by default. Therefore, database queries may be performed during view rendering. Explicitly configure spring.jpa.open-in-view to disable this warning
2018-06-28 16:23:58.198  INFO 13484 --- [main] s.w.s.m.m.a.RequestMappingHandlerMapping : Mapped "{[/gcdapi/calculate-gcd],methods=[POST]}" onto public com.gcd.api.entities.Task com.gcd.api.controller.ApiController.calculateGCD(com.fasterxml.jackson.databind.JsonNode)
2018-06-28 16:23:58.206  INFO 13484 --- [main] s.w.s.m.m.a.RequestMappingHandlerMapping : Mapped "{[/gcdapi/get-result/{id}],methods=[GET]}" onto public org.springframework.http.ResponseEntity<com.gcd.api.entities.Task> com.gcd.api.controller.ApiController.gerResultById(long)
2018-06-28 16:23:58.218  INFO 13484 --- [main] s.w.s.m.m.a.RequestMappingHandlerMapping : Mapped "{[/error]}" onto public org.springframework.http.ResponseEntity<java.util.Map<java.lang.String, java.lang.Object>> org.springframework.boot.autoconfigure.web.servlet.error.BasicErrorController.error(javax.servlet.http.HttpServletRequest)
2018-06-28 16:23:58.222  INFO 13484 --- [main] s.w.s.m.m.a.RequestMappingHandlerMapping : Mapped "{[/error],produces=[text/html]}" onto public org.springframework.web.servlet.ModelAndView org.springframework.boot.autoconfigure.web.servlet.error.BasicErrorController.errorHtml(javax.servlet.http.HttpServletRequest,javax.servlet.http.HttpServletResponse)
2018-06-28 16:23:58.327  INFO 13484 --- [main] o.s.w.s.handler.SimpleUrlHandlerMapping  : Mapped URL path [/webjars/**] onto handler of type [class org.springframework.web.servlet.resource.ResourceHttpRequestHandler]
2018-06-28 16:23:58.327  INFO 13484 --- [main] o.s.w.s.handler.SimpleUrlHandlerMapping  : Mapped URL path [/**] onto handler of type [class org.springframework.web.servlet.resource.ResourceHttpRequestHandler]
2018-06-28 16:23:58.364  INFO 13484 --- [main] .m.m.a.ExceptionHandlerExceptionResolver : Detected @ExceptionHandler methods in invalidTaskExceptionHandler
2018-06-28 16:23:58.979  INFO 13484 --- [main] o.s.c.support.DefaultLifecycleProcessor  : Starting beans in phase 2147483647
2018-06-28 16:23:59.009  INFO 13484 --- [SimpleAsyncTaskExecutor-1] o.s.a.r.c.CachingConnectionFactory       : Attempting to connect to: localhost:5672
2018-06-28 16:23:59.221  INFO 13484 --- [SimpleAsyncTaskExecutor-1] o.s.a.r.c.CachingConnectionFactory       : Created new connection: connectionFactory#6cbb175:0/SimpleConnection@7d082dc0 [delegate=amqp://guest@127.0.0.1:5672/, localPort= 8982]
2018-06-28 16:23:59.345  INFO 13484 --- [main] c.g.api.validator.TaskValidationNGTest   : Started TaskValidationNGTest in 10.697 seconds (JVM running for 13.484)
2018-06-28 16:24:01.171  INFO 13484 --- [Thread-4] o.s.w.c.s.GenericWebApplicationContext   : Closing org.springframework.web.context.support.GenericWebApplicationContext@13bc8645: startup date [Thu Jun 28 16:23:49 GMT+07:00 2018]; root of context hierarchy
2018-06-28 16:24:01.175  INFO 13484 --- [Thread-4] o.s.c.support.DefaultLifecycleProcessor  : Stopping beans in phase 2147483647
2018-06-28 16:24:01.179  INFO 13484 --- [Thread-4] o.s.a.r.l.SimpleMessageListenerContainer : Waiting for workers to finish.
2018-06-28 16:24:01.331  INFO 13484 --- [Thread-4] o.s.a.r.l.SimpleMessageListenerContainer : Successfully waited for workers to finish.
2018-06-28 16:24:01.332  INFO 13484 --- [Thread-4] o.s.c.support.DefaultLifecycleProcessor  : Stopping beans in phase 0
2018-06-28 16:24:01.335  INFO 13484 --- [Thread-4] o.s.a.r.l.SimpleMessageListenerContainer : Shutdown ignored - container is not active already
2018-06-28 16:24:01.358  INFO 13484 --- [Thread-4] j.LocalContainerEntityManagerFactoryBean : Closing JPA EntityManagerFactory for persistence unit 'default'
2018-06-28 16:24:01.360  INFO 13484 --- [Thread-4] com.zaxxer.hikari.HikariDataSource       : HikariPool-1 - Shutdown initiated...
2018-06-28 16:24:01.367  INFO 13484 --- [Thread-4] com.zaxxer.hikari.HikariDataSource       : HikariPool-1 - Shutdown completed.
2018-06-28 17:10:19.536  INFO 14808 --- [main] c.g.api.validator.TaskValidationNGTest   : Starting TaskValidationNGTest on DESKTOP-E31QF3H with PID 14808 (C:\Users\Ivan\Documents\NetBeansProjects\GCDRelease\GcdApi\target\test-classes started by Ivan in C:\Users\Ivan\Documents\NetBeansProjects\GCDRelease\GcdApi)
2018-06-28 17:10:19.543  INFO 14808 --- [main] c.g.api.validator.TaskValidationNGTest   : No active profile set, falling back to default profiles: default
2018-06-28 17:10:19.603  INFO 14808 --- [main] o.s.w.c.s.GenericWebApplicationContext   : Refreshing org.springframework.web.context.support.GenericWebApplicationContext@24c22fe: startup date [Thu Jun 28 17:10:19 GMT+07:00 2018]; root of context hierarchy
2018-06-28 17:10:20.929  INFO 14808 --- [main] o.s.b.f.s.DefaultListableBeanFactory     : Overriding bean definition for bean 'taskSender' with a different definition: replacing [Generic bean: class [com.gcd.api.messaging.TaskSender]; scope=singleton; abstract=false; lazyInit=false; autowireMode=0; dependencyCheck=0; autowireCandidate=true; primary=false; factoryBeanName=null; factoryMethodName=null; initMethodName=null; destroyMethodName=null; defined in file [C:\Users\Ivan\Documents\NetBeansProjects\GCDRelease\GcdApi\target\classes\com\gcd\api\messaging\TaskSender.class]] with [Root bean: class [null]; scope=; abstract=false; lazyInit=false; autowireMode=3; dependencyCheck=0; autowireCandidate=true; primary=false; factoryBeanName=rabbitConfig; factoryMethodName=taskSender; initMethodName=null; destroyMethodName=(inferred); defined in class path resource [com/gcd/api/config/RabbitConfig.class]]
2018-06-28 17:10:20.931  INFO 14808 --- [main] o.s.b.f.s.DefaultListableBeanFactory     : Overriding bean definition for bean 'taskReceiver' with a different definition: replacing [Generic bean: class [com.gcd.api.messaging.TaskReceiver]; scope=singleton; abstract=false; lazyInit=false; autowireMode=0; dependencyCheck=0; autowireCandidate=true; primary=false; factoryBeanName=null; factoryMethodName=null; initMethodName=null; destroyMethodName=null; defined in file [C:\Users\Ivan\Documents\NetBeansProjects\GCDRelease\GcdApi\target\classes\com\gcd\api\messaging\TaskReceiver.class]] with [Root bean: class [null]; scope=; abstract=false; lazyInit=false; autowireMode=3; dependencyCheck=0; autowireCandidate=true; primary=false; factoryBeanName=rabbitConfig; factoryMethodName=taskReceiver; initMethodName=null; destroyMethodName=(inferred); defined in class path resource [com/gcd/api/config/RabbitConfig.class]]
2018-06-28 17:10:22.318  INFO 14808 --- [main] trationDelegate$BeanPostProcessorChecker : Bean 'org.springframework.amqp.rabbit.annotation.RabbitBootstrapConfiguration' of type [org.springframework.amqp.rabbit.annotation.RabbitBootstrapConfiguration$$EnhancerBySpringCGLIB$$f1d05892] is not eligible for getting processed by all BeanPostProcessors (for example: not eligible for auto-proxying)
2018-06-28 17:10:22.509  INFO 14808 --- [main] trationDelegate$BeanPostProcessorChecker : Bean 'org.springframework.transaction.annotation.ProxyTransactionManagementConfiguration' of type [org.springframework.transaction.annotation.ProxyTransactionManagementConfiguration$$EnhancerBySpringCGLIB$$2b649a64] is not eligible for getting processed by all BeanPostProcessors (for example: not eligible for auto-proxying)
2018-06-28 17:10:23.048  INFO 14808 --- [main] com.zaxxer.hikari.HikariDataSource       : HikariPool-1 - Starting...
2018-06-28 17:10:23.305  INFO 14808 --- [main] com.zaxxer.hikari.HikariDataSource       : HikariPool-1 - Start completed.
2018-06-28 17:10:23.377  INFO 14808 --- [main] j.LocalContainerEntityManagerFactoryBean : Building JPA container EntityManagerFactory for persistence unit 'default'
2018-06-28 17:10:23.406  INFO 14808 --- [main] o.hibernate.jpa.internal.util.LogHelper  : HHH000204: Processing PersistenceUnitInfo [
	name: default
	...]
2018-06-28 17:10:23.582  INFO 14808 --- [main] org.hibernate.Version                    : HHH000412: Hibernate Core {5.2.17.Final}
2018-06-28 17:10:23.585  INFO 14808 --- [main] org.hibernate.cfg.Environment            : HHH000206: hibernate.properties not found
2018-06-28 17:10:23.662  INFO 14808 --- [main] o.hibernate.annotations.common.Version   : HCANN000001: Hibernate Commons Annotations {5.0.1.Final}
2018-06-28 17:10:23.973  INFO 14808 --- [main] org.hibernate.dialect.Dialect            : HHH000400: Using dialect: org.hibernate.dialect.PostgreSQL94Dialect
2018-06-28 17:10:24.018  INFO 14808 --- [main] o.h.e.j.e.i.LobCreatorBuilderImpl        : HHH000422: Disabling contextual LOB creation as connection was null
2018-06-28 17:10:24.025  INFO 14808 --- [main] org.hibernate.type.BasicTypeRegistry     : HHH000270: Type registration [java.util.UUID] overrides previous : org.hibernate.type.UUIDBinaryType@3a082ff4
2018-06-28 17:10:25.308  INFO 14808 --- [main] j.LocalContainerEntityManagerFactoryBean : Initialized JPA EntityManagerFactory for persistence unit 'default'
2018-06-28 17:10:27.064  INFO 14808 --- [main] o.s.w.s.handler.SimpleUrlHandlerMapping  : Mapped URL path [/**/favicon.ico] onto handler of type [class org.springframework.web.servlet.resource.ResourceHttpRequestHandler]
2018-06-28 17:10:27.949  INFO 14808 --- [main] s.w.s.m.m.a.RequestMappingHandlerAdapter : Looking for @ControllerAdvice: org.springframework.web.context.support.GenericWebApplicationContext@24c22fe: startup date [Thu Jun 28 17:10:19 GMT+07:00 2018]; root of context hierarchy
2018-06-28 17:10:28.022  WARN 14808 --- [main] aWebConfiguration$JpaWebMvcConfiguration : spring.jpa.open-in-view is enabled by default. Therefore, database queries may be performed during view rendering. Explicitly configure spring.jpa.open-in-view to disable this warning
2018-06-28 17:10:28.083  INFO 14808 --- [main] s.w.s.m.m.a.RequestMappingHandlerMapping : Mapped "{[/gcdapi/get-result/{id}],methods=[GET]}" onto public org.springframework.http.ResponseEntity<com.gcd.api.entities.Task> com.gcd.api.controller.ApiController.gerResultById(long)
2018-06-28 17:10:28.086  INFO 14808 --- [main] s.w.s.m.m.a.RequestMappingHandlerMapping : Mapped "{[/gcdapi/calculate-gcd],methods=[POST]}" onto public com.gcd.api.entities.Task com.gcd.api.controller.ApiController.calculateGCD(com.fasterxml.jackson.databind.JsonNode)
2018-06-28 17:10:28.098  INFO 14808 --- [main] s.w.s.m.m.a.RequestMappingHandlerMapping : Mapped "{[/error]}" onto public org.springframework.http.ResponseEntity<java.util.Map<java.lang.String, java.lang.Object>> org.springframework.boot.autoconfigure.web.servlet.error.BasicErrorController.error(javax.servlet.http.HttpServletRequest)
2018-06-28 17:10:28.101  INFO 14808 --- [main] s.w.s.m.m.a.RequestMappingHandlerMapping : Mapped "{[/error],produces=[text/html]}" onto public org.springframework.web.servlet.ModelAndView org.springframework.boot.autoconfigure.web.servlet.error.BasicErrorController.errorHtml(javax.servlet.http.HttpServletRequest,javax.servlet.http.HttpServletResponse)
2018-06-28 17:10:28.173  INFO 14808 --- [main] o.s.w.s.handler.SimpleUrlHandlerMapping  : Mapped URL path [/webjars/**] onto handler of type [class org.springframework.web.servlet.resource.ResourceHttpRequestHandler]
2018-06-28 17:10:28.173  INFO 14808 --- [main] o.s.w.s.handler.SimpleUrlHandlerMapping  : Mapped URL path [/**] onto handler of type [class org.springframework.web.servlet.resource.ResourceHttpRequestHandler]
2018-06-28 17:10:28.207  INFO 14808 --- [main] .m.m.a.ExceptionHandlerExceptionResolver : Detected @ExceptionHandler methods in invalidTaskExceptionHandler
2018-06-28 17:10:28.897  INFO 14808 --- [main] o.s.c.support.DefaultLifecycleProcessor  : Starting beans in phase 2147483647
2018-06-28 17:10:28.919  INFO 14808 --- [SimpleAsyncTaskExecutor-1] o.s.a.r.c.CachingConnectionFactory       : Attempting to connect to: localhost:5672
2018-06-28 17:10:29.093  INFO 14808 --- [SimpleAsyncTaskExecutor-1] o.s.a.r.c.CachingConnectionFactory       : Created new connection: connectionFactory#38fb50f8:0/SimpleConnection@68e6a604 [delegate=amqp://guest@127.0.0.1:5672/, localPort= 10152]
2018-06-28 17:10:29.236  INFO 14808 --- [main] c.g.api.validator.TaskValidationNGTest   : Started TaskValidationNGTest in 10.217 seconds (JVM running for 12.134)
2018-06-28 17:10:30.254  INFO 14808 --- [Thread-4] o.s.w.c.s.GenericWebApplicationContext   : Closing org.springframework.web.context.support.GenericWebApplicationContext@24c22fe: startup date [Thu Jun 28 17:10:19 GMT+07:00 2018]; root of context hierarchy
2018-06-28 17:10:30.275  INFO 14808 --- [Thread-4] o.s.c.support.DefaultLifecycleProcessor  : Stopping beans in phase 2147483647
2018-06-28 17:10:30.301  INFO 14808 --- [Thread-4] o.s.a.r.l.SimpleMessageListenerContainer : Waiting for workers to finish.
2018-06-28 17:10:31.234  INFO 14808 --- [Thread-4] o.s.a.r.l.SimpleMessageListenerContainer : Successfully waited for workers to finish.
2018-06-28 17:10:31.234  INFO 14808 --- [Thread-4] o.s.c.support.DefaultLifecycleProcessor  : Stopping beans in phase 0
2018-06-28 17:10:31.239  INFO 14808 --- [Thread-4] o.s.a.r.l.SimpleMessageListenerContainer : Shutdown ignored - container is not active already
2018-06-28 17:10:31.245  INFO 14808 --- [Thread-4] j.LocalContainerEntityManagerFactoryBean : Closing JPA EntityManagerFactory for persistence unit 'default'
2018-06-28 17:10:31.248  INFO 14808 --- [Thread-4] com.zaxxer.hikari.HikariDataSource       : HikariPool-1 - Shutdown initiated...
2018-06-28 17:10:31.255  INFO 14808 --- [Thread-4] com.zaxxer.hikari.HikariDataSource       : HikariPool-1 - Shutdown completed.
2018-06-28 18:55:56.374  INFO 13428 --- [main] c.g.api.validator.TaskValidationNGTest   : Starting TaskValidationNGTest on DESKTOP-E31QF3H with PID 13428 (C:\Users\Ivan\Documents\NetBeansProjects\GCDRelease\GcdApi\target\test-classes started by Ivan in C:\Users\Ivan\Documents\NetBeansProjects\GCDRelease\GcdApi)
2018-06-28 18:55:56.376  INFO 13428 --- [main] c.g.api.validator.TaskValidationNGTest   : No active profile set, falling back to default profiles: default
2018-06-28 18:55:56.456  INFO 13428 --- [main] o.s.w.c.s.GenericWebApplicationContext   : Refreshing org.springframework.web.context.support.GenericWebApplicationContext@cd1e646: startup date [Thu Jun 28 18:55:56 GMT+07:00 2018]; root of context hierarchy
2018-06-28 18:55:57.751  INFO 13428 --- [main] o.s.b.f.s.DefaultListableBeanFactory     : Overriding bean definition for bean 'taskSender' with a different definition: replacing [Generic bean: class [com.gcd.api.messaging.TaskSender]; scope=singleton; abstract=false; lazyInit=false; autowireMode=0; dependencyCheck=0; autowireCandidate=true; primary=false; factoryBeanName=null; factoryMethodName=null; initMethodName=null; destroyMethodName=null; defined in file [C:\Users\Ivan\Documents\NetBeansProjects\GCDRelease\GcdApi\target\classes\com\gcd\api\messaging\TaskSender.class]] with [Root bean: class [null]; scope=; abstract=false; lazyInit=false; autowireMode=3; dependencyCheck=0; autowireCandidate=true; primary=false; factoryBeanName=rabbitConfig; factoryMethodName=taskSender; initMethodName=null; destroyMethodName=(inferred); defined in class path resource [com/gcd/api/config/RabbitConfig.class]]
2018-06-28 18:55:57.755  INFO 13428 --- [main] o.s.b.f.s.DefaultListableBeanFactory     : Overriding bean definition for bean 'taskReceiver' with a different definition: replacing [Generic bean: class [com.gcd.api.messaging.TaskReceiver]; scope=singleton; abstract=false; lazyInit=false; autowireMode=0; dependencyCheck=0; autowireCandidate=true; primary=false; factoryBeanName=null; factoryMethodName=null; initMethodName=null; destroyMethodName=null; defined in file [C:\Users\Ivan\Documents\NetBeansProjects\GCDRelease\GcdApi\target\classes\com\gcd\api\messaging\TaskReceiver.class]] with [Root bean: class [null]; scope=; abstract=false; lazyInit=false; autowireMode=3; dependencyCheck=0; autowireCandidate=true; primary=false; factoryBeanName=rabbitConfig; factoryMethodName=taskReceiver; initMethodName=null; destroyMethodName=(inferred); defined in class path resource [com/gcd/api/config/RabbitConfig.class]]
2018-06-28 18:55:59.198  INFO 13428 --- [main] trationDelegate$BeanPostProcessorChecker : Bean 'org.springframework.amqp.rabbit.annotation.RabbitBootstrapConfiguration' of type [org.springframework.amqp.rabbit.annotation.RabbitBootstrapConfiguration$$EnhancerBySpringCGLIB$$51513468] is not eligible for getting processed by all BeanPostProcessors (for example: not eligible for auto-proxying)
2018-06-28 18:55:59.486  INFO 13428 --- [main] trationDelegate$BeanPostProcessorChecker : Bean 'org.springframework.transaction.annotation.ProxyTransactionManagementConfiguration' of type [org.springframework.transaction.annotation.ProxyTransactionManagementConfiguration$$EnhancerBySpringCGLIB$$8ae5763a] is not eligible for getting processed by all BeanPostProcessors (for example: not eligible for auto-proxying)
2018-06-28 18:55:59.968  INFO 13428 --- [main] com.zaxxer.hikari.HikariDataSource       : HikariPool-1 - Starting...
2018-06-28 18:56:00.242  INFO 13428 --- [main] com.zaxxer.hikari.HikariDataSource       : HikariPool-1 - Start completed.
2018-06-28 18:56:00.325  INFO 13428 --- [main] j.LocalContainerEntityManagerFactoryBean : Building JPA container EntityManagerFactory for persistence unit 'default'
2018-06-28 18:56:00.359  INFO 13428 --- [main] o.hibernate.jpa.internal.util.LogHelper  : HHH000204: Processing PersistenceUnitInfo [
	name: default
	...]
2018-06-28 18:56:00.507  INFO 13428 --- [main] org.hibernate.Version                    : HHH000412: Hibernate Core {5.2.17.Final}
2018-06-28 18:56:00.512  INFO 13428 --- [main] org.hibernate.cfg.Environment            : HHH000206: hibernate.properties not found
2018-06-28 18:56:00.583  INFO 13428 --- [main] o.hibernate.annotations.common.Version   : HCANN000001: Hibernate Commons Annotations {5.0.1.Final}
2018-06-28 18:56:00.845  INFO 13428 --- [main] org.hibernate.dialect.Dialect            : HHH000400: Using dialect: org.hibernate.dialect.PostgreSQL94Dialect
2018-06-28 18:56:00.885  INFO 13428 --- [main] o.h.e.j.e.i.LobCreatorBuilderImpl        : HHH000422: Disabling contextual LOB creation as connection was null
2018-06-28 18:56:00.890  INFO 13428 --- [main] org.hibernate.type.BasicTypeRegistry     : HHH000270: Type registration [java.util.UUID] overrides previous : org.hibernate.type.UUIDBinaryType@1859e2a4
2018-06-28 18:56:02.157  INFO 13428 --- [main] j.LocalContainerEntityManagerFactoryBean : Initialized JPA EntityManagerFactory for persistence unit 'default'
2018-06-28 18:56:04.000  INFO 13428 --- [main] o.s.w.s.handler.SimpleUrlHandlerMapping  : Mapped URL path [/**/favicon.ico] onto handler of type [class org.springframework.web.servlet.resource.ResourceHttpRequestHandler]
2018-06-28 18:56:04.878  INFO 13428 --- [main] s.w.s.m.m.a.RequestMappingHandlerAdapter : Looking for @ControllerAdvice: org.springframework.web.context.support.GenericWebApplicationContext@cd1e646: startup date [Thu Jun 28 18:55:56 GMT+07:00 2018]; root of context hierarchy
2018-06-28 18:56:04.991  WARN 13428 --- [main] aWebConfiguration$JpaWebMvcConfiguration : spring.jpa.open-in-view is enabled by default. Therefore, database queries may be performed during view rendering. Explicitly configure spring.jpa.open-in-view to disable this warning
2018-06-28 18:56:05.077  INFO 13428 --- [main] s.w.s.m.m.a.RequestMappingHandlerMapping : Mapped "{[/calculate-gcd],methods=[POST]}" onto public com.gcd.api.entities.Task com.gcd.api.controller.ApiController.calculateGCD(com.fasterxml.jackson.databind.JsonNode)
2018-06-28 18:56:05.080  INFO 13428 --- [main] s.w.s.m.m.a.RequestMappingHandlerMapping : Mapped "{[/get-result/{id}],methods=[GET]}" onto public org.springframework.http.ResponseEntity<com.gcd.api.entities.Task> com.gcd.api.controller.ApiController.gerResultById(long)
2018-06-28 18:56:05.087  INFO 13428 --- [main] s.w.s.m.m.a.RequestMappingHandlerMapping : Mapped "{[/error]}" onto public org.springframework.http.ResponseEntity<java.util.Map<java.lang.String, java.lang.Object>> org.springframework.boot.autoconfigure.web.servlet.error.BasicErrorController.error(javax.servlet.http.HttpServletRequest)
2018-06-28 18:56:05.090  INFO 13428 --- [main] s.w.s.m.m.a.RequestMappingHandlerMapping : Mapped "{[/error],produces=[text/html]}" onto public org.springframework.web.servlet.ModelAndView org.springframework.boot.autoconfigure.web.servlet.error.BasicErrorController.errorHtml(javax.servlet.http.HttpServletRequest,javax.servlet.http.HttpServletResponse)
2018-06-28 18:56:05.180  INFO 13428 --- [main] o.s.w.s.handler.SimpleUrlHandlerMapping  : Mapped URL path [/webjars/**] onto handler of type [class org.springframework.web.servlet.resource.ResourceHttpRequestHandler]
2018-06-28 18:56:05.182  INFO 13428 --- [main] o.s.w.s.handler.SimpleUrlHandlerMapping  : Mapped URL path [/**] onto handler of type [class org.springframework.web.servlet.resource.ResourceHttpRequestHandler]
2018-06-28 18:56:05.234  INFO 13428 --- [main] .m.m.a.ExceptionHandlerExceptionResolver : Detected @ExceptionHandler methods in invalidTaskExceptionHandler
2018-06-28 18:56:05.985  INFO 13428 --- [main] o.s.c.support.DefaultLifecycleProcessor  : Starting beans in phase 2147483647
2018-06-28 18:56:06.002  INFO 13428 --- [SimpleAsyncTaskExecutor-1] o.s.a.r.c.CachingConnectionFactory       : Attempting to connect to: localhost:5672
2018-06-28 18:56:06.152  INFO 13428 --- [SimpleAsyncTaskExecutor-1] o.s.a.r.c.CachingConnectionFactory       : Created new connection: connectionFactory#5aa62ee7:0/SimpleConnection@3d6a0896 [delegate=amqp://guest@127.0.0.1:5672/, localPort= 13179]
2018-06-28 18:56:06.240  INFO 13428 --- [main] c.g.api.validator.TaskValidationNGTest   : Started TaskValidationNGTest in 10.368 seconds (JVM running for 13.177)
2018-06-28 18:56:07.595  INFO 13428 --- [Thread-4] o.s.w.c.s.GenericWebApplicationContext   : Closing org.springframework.web.context.support.GenericWebApplicationContext@cd1e646: startup date [Thu Jun 28 18:55:56 GMT+07:00 2018]; root of context hierarchy
2018-06-28 18:56:07.599  INFO 13428 --- [Thread-4] o.s.c.support.DefaultLifecycleProcessor  : Stopping beans in phase 2147483647
2018-06-28 18:56:07.605  INFO 13428 --- [Thread-4] o.s.a.r.l.SimpleMessageListenerContainer : Waiting for workers to finish.
2018-06-28 18:56:08.223  INFO 13428 --- [Thread-4] o.s.a.r.l.SimpleMessageListenerContainer : Successfully waited for workers to finish.
2018-06-28 18:56:08.223  INFO 13428 --- [Thread-4] o.s.c.support.DefaultLifecycleProcessor  : Stopping beans in phase 0
2018-06-28 18:56:08.227  INFO 13428 --- [Thread-4] o.s.a.r.l.SimpleMessageListenerContainer : Shutdown ignored - container is not active already
2018-06-28 18:56:08.234  INFO 13428 --- [Thread-4] j.LocalContainerEntityManagerFactoryBean : Closing JPA EntityManagerFactory for persistence unit 'default'
2018-06-28 18:56:08.236  INFO 13428 --- [Thread-4] com.zaxxer.hikari.HikariDataSource       : HikariPool-1 - Shutdown initiated...
2018-06-28 18:56:08.244  INFO 13428 --- [Thread-4] com.zaxxer.hikari.HikariDataSource       : HikariPool-1 - Shutdown completed.
2018-06-28 18:56:36.956  INFO 7880 --- [restartedMain] com.gcd.api.ApiApplication               : Starting ApiApplication on DESKTOP-E31QF3H with PID 7880 (C:\Users\Ivan\Documents\NetBeansProjects\GCDRelease\GcdApi\target\classes started by Ivan in C:\Users\Ivan\Documents\NetBeansProjects\GCDRelease\GcdApi)
2018-06-28 18:56:36.958  INFO 7880 --- [restartedMain] com.gcd.api.ApiApplication               : No active profile set, falling back to default profiles: default
2018-06-28 18:56:37.016  INFO 7880 --- [restartedMain] ConfigServletWebServerApplicationContext : Refreshing org.springframework.boot.web.servlet.context.AnnotationConfigServletWebServerApplicationContext@2a20f87: startup date [Thu Jun 28 18:56:37 GMT+07:00 2018]; root of context hierarchy
2018-06-28 18:56:37.941  INFO 7880 --- [restartedMain] o.s.b.f.s.DefaultListableBeanFactory     : Overriding bean definition for bean 'taskSender' with a different definition: replacing [Generic bean: class [com.gcd.api.messaging.TaskSender]; scope=singleton; abstract=false; lazyInit=false; autowireMode=0; dependencyCheck=0; autowireCandidate=true; primary=false; factoryBeanName=null; factoryMethodName=null; initMethodName=null; destroyMethodName=null; defined in file [C:\Users\Ivan\Documents\NetBeansProjects\GCDRelease\GcdApi\target\classes\com\gcd\api\messaging\TaskSender.class]] with [Root bean: class [null]; scope=; abstract=false; lazyInit=false; autowireMode=3; dependencyCheck=0; autowireCandidate=true; primary=false; factoryBeanName=rabbitConfig; factoryMethodName=taskSender; initMethodName=null; destroyMethodName=(inferred); defined in class path resource [com/gcd/api/config/RabbitConfig.class]]
2018-06-28 18:56:37.943  INFO 7880 --- [restartedMain] o.s.b.f.s.DefaultListableBeanFactory     : Overriding bean definition for bean 'taskReceiver' with a different definition: replacing [Generic bean: class [com.gcd.api.messaging.TaskReceiver]; scope=singleton; abstract=false; lazyInit=false; autowireMode=0; dependencyCheck=0; autowireCandidate=true; primary=false; factoryBeanName=null; factoryMethodName=null; initMethodName=null; destroyMethodName=null; defined in file [C:\Users\Ivan\Documents\NetBeansProjects\GCDRelease\GcdApi\target\classes\com\gcd\api\messaging\TaskReceiver.class]] with [Root bean: class [null]; scope=; abstract=false; lazyInit=false; autowireMode=3; dependencyCheck=0; autowireCandidate=true; primary=false; factoryBeanName=rabbitConfig; factoryMethodName=taskReceiver; initMethodName=null; destroyMethodName=(inferred); defined in class path resource [com/gcd/api/config/RabbitConfig.class]]
2018-06-28 18:56:38.567  INFO 7880 --- [restartedMain] trationDelegate$BeanPostProcessorChecker : Bean 'org.springframework.amqp.rabbit.annotation.RabbitBootstrapConfiguration' of type [org.springframework.amqp.rabbit.annotation.RabbitBootstrapConfiguration$$EnhancerBySpringCGLIB$$16768a] is not eligible for getting processed by all BeanPostProcessors (for example: not eligible for auto-proxying)
2018-06-28 18:56:38.696  INFO 7880 --- [restartedMain] trationDelegate$BeanPostProcessorChecker : Bean 'org.springframework.transaction.annotation.ProxyTransactionManagementConfiguration' of type [org.springframework.transaction.annotation.ProxyTransactionManagementConfiguration$$EnhancerBySpringCGLIB$$39aab85c] is not eligible for getting processed by all BeanPostProcessors (for example: not eligible for auto-proxying)
2018-06-28 18:56:39.298  INFO 7880 --- [restartedMain] o.s.b.w.embedded.tomcat.TomcatWebServer  : Tomcat initialized with port(s): 8080 (http)
2018-06-28 18:56:39.336  INFO 7880 --- [restartedMain] o.apache.catalina.core.StandardService   : Starting service [Tomcat]
2018-06-28 18:56:39.336  INFO 7880 --- [restartedMain] org.apache.catalina.core.StandardEngine  : Starting Servlet Engine: Apache Tomcat/8.5.31
2018-06-28 18:56:39.349  INFO 7880 --- [localhost-startStop-1] o.a.catalina.core.AprLifecycleListener   : The APR based Apache Tomcat Native library which allows optimal performance in production environments was not found on the java.library.path: [C:\Program Files\Java\jdk1.8.0_131\jre\bin;C:\WINDOWS\Sun\Java\bin;C:\WINDOWS\system32;C:\WINDOWS;C:\Program Files (x86)\Common Files\Oracle\Java\javapath;C:\ProgramData\Oracle\Java\javapath;C:\WINDOWS\system32;C:\WINDOWS;C:\WINDOWS\System32\Wbem;C:\WINDOWS\System32\WindowsPowerShell\v1.0\;C:\Program Files (x86)\Windows Kits\8.1\Windows Performance Toolkit\;C:\Program Files\Microsoft SQL Server\110\Tools\Binn\;c:\Program Files (x86)\Microsoft SQL Server\110\Tools\Binn\;c:\Program Files\Microsoft SQL Server\110\DTS\Binn\;C:\Program Files (x86)\Skype\Phone\;C:\Program Files\Git\cmd;C:\WINDOWS\System32\OpenSSH\;C:\PostgreSQL\pg10\bin;C:\Users\Ivan\AppData\Local\Programs\Python\Python36-32\Scripts\;C:\Users\Ivan\AppData\Local\Programs\Python\Python36-32\;C:\Users\Ivan\AppData\Local\Microsoft\WindowsApps;;C:\Program Files (x86)\Microsoft VS Code\bin;.]
2018-06-28 18:56:39.465  INFO 7880 --- [localhost-startStop-1] o.a.c.c.C.[Tomcat].[localhost].[/]       : Initializing Spring embedded WebApplicationContext
2018-06-28 18:56:39.465  INFO 7880 --- [localhost-startStop-1] o.s.web.context.ContextLoader            : Root WebApplicationContext: initialization completed in 2449 ms
2018-06-28 18:56:39.629  INFO 7880 --- [localhost-startStop-1] o.s.b.w.servlet.ServletRegistrationBean  : Servlet dispatcherServlet mapped to [/]
2018-06-28 18:56:39.633  INFO 7880 --- [localhost-startStop-1] o.s.b.w.servlet.FilterRegistrationBean   : Mapping filter: 'characterEncodingFilter' to: [/*]
2018-06-28 18:56:39.634  INFO 7880 --- [localhost-startStop-1] o.s.b.w.servlet.FilterRegistrationBean   : Mapping filter: 'hiddenHttpMethodFilter' to: [/*]
2018-06-28 18:56:39.635  INFO 7880 --- [localhost-startStop-1] o.s.b.w.servlet.FilterRegistrationBean   : Mapping filter: 'httpPutFormContentFilter' to: [/*]
2018-06-28 18:56:39.635  INFO 7880 --- [localhost-startStop-1] o.s.b.w.servlet.FilterRegistrationBean   : Mapping filter: 'requestContextFilter' to: [/*]
2018-06-28 18:56:39.887  INFO 7880 --- [restartedMain] com.zaxxer.hikari.HikariDataSource       : HikariPool-1 - Starting...
2018-06-28 18:56:39.997  INFO 7880 --- [restartedMain] com.zaxxer.hikari.HikariDataSource       : HikariPool-1 - Start completed.
2018-06-28 18:56:40.048  INFO 7880 --- [restartedMain] j.LocalContainerEntityManagerFactoryBean : Building JPA container EntityManagerFactory for persistence unit 'default'
2018-06-28 18:56:40.061  INFO 7880 --- [restartedMain] o.hibernate.jpa.internal.util.LogHelper  : HHH000204: Processing PersistenceUnitInfo [
	name: default
	...]
2018-06-28 18:56:40.141  INFO 7880 --- [restartedMain] org.hibernate.Version                    : HHH000412: Hibernate Core {5.2.17.Final}
2018-06-28 18:56:40.143  INFO 7880 --- [restartedMain] org.hibernate.cfg.Environment            : HHH000206: hibernate.properties not found
2018-06-28 18:56:40.196  INFO 7880 --- [restartedMain] o.hibernate.annotations.common.Version   : HCANN000001: Hibernate Commons Annotations {5.0.1.Final}
2018-06-28 18:56:40.475  INFO 7880 --- [restartedMain] org.hibernate.dialect.Dialect            : HHH000400: Using dialect: org.hibernate.dialect.PostgreSQL94Dialect
2018-06-28 18:56:40.497  INFO 7880 --- [restartedMain] o.h.e.j.e.i.LobCreatorBuilderImpl        : HHH000422: Disabling contextual LOB creation as connection was null
2018-06-28 18:56:40.499  INFO 7880 --- [restartedMain] org.hibernate.type.BasicTypeRegistry     : HHH000270: Type registration [java.util.UUID] overrides previous : org.hibernate.type.UUIDBinaryType@6d251e6a
2018-06-28 18:56:41.272  INFO 7880 --- [restartedMain] j.LocalContainerEntityManagerFactoryBean : Initialized JPA EntityManagerFactory for persistence unit 'default'
2018-06-28 18:56:41.899  INFO 7880 --- [restartedMain] o.s.w.s.handler.SimpleUrlHandlerMapping  : Mapped URL path [/**/favicon.ico] onto handler of type [class org.springframework.web.servlet.resource.ResourceHttpRequestHandler]
2018-06-28 18:56:42.286  INFO 7880 --- [restartedMain] s.w.s.m.m.a.RequestMappingHandlerAdapter : Looking for @ControllerAdvice: org.springframework.boot.web.servlet.context.AnnotationConfigServletWebServerApplicationContext@2a20f87: startup date [Thu Jun 28 18:56:37 GMT+07:00 2018]; root of context hierarchy
2018-06-28 18:56:42.326  WARN 7880 --- [restartedMain] aWebConfiguration$JpaWebMvcConfiguration : spring.jpa.open-in-view is enabled by default. Therefore, database queries may be performed during view rendering. Explicitly configure spring.jpa.open-in-view to disable this warning
2018-06-28 18:56:42.363  INFO 7880 --- [restartedMain] s.w.s.m.m.a.RequestMappingHandlerMapping : Mapped "{[/get-result/{id}],methods=[GET]}" onto public org.springframework.http.ResponseEntity<com.gcd.api.entities.Task> com.gcd.api.controller.ApiController.gerResultById(long)
2018-06-28 18:56:42.364  INFO 7880 --- [restartedMain] s.w.s.m.m.a.RequestMappingHandlerMapping : Mapped "{[/calculate-gcd],methods=[POST]}" onto public com.gcd.api.entities.Task com.gcd.api.controller.ApiController.calculateGCD(com.fasterxml.jackson.databind.JsonNode)
2018-06-28 18:56:42.369  INFO 7880 --- [restartedMain] s.w.s.m.m.a.RequestMappingHandlerMapping : Mapped "{[/error]}" onto public org.springframework.http.ResponseEntity<java.util.Map<java.lang.String, java.lang.Object>> org.springframework.boot.autoconfigure.web.servlet.error.BasicErrorController.error(javax.servlet.http.HttpServletRequest)
2018-06-28 18:56:42.370  INFO 7880 --- [restartedMain] s.w.s.m.m.a.RequestMappingHandlerMapping : Mapped "{[/error],produces=[text/html]}" onto public org.springframework.web.servlet.ModelAndView org.springframework.boot.autoconfigure.web.servlet.error.BasicErrorController.errorHtml(javax.servlet.http.HttpServletRequest,javax.servlet.http.HttpServletResponse)
2018-06-28 18:56:42.404  INFO 7880 --- [restartedMain] o.s.w.s.handler.SimpleUrlHandlerMapping  : Mapped URL path [/webjars/**] onto handler of type [class org.springframework.web.servlet.resource.ResourceHttpRequestHandler]
2018-06-28 18:56:42.404  INFO 7880 --- [restartedMain] o.s.w.s.handler.SimpleUrlHandlerMapping  : Mapped URL path [/**] onto handler of type [class org.springframework.web.servlet.resource.ResourceHttpRequestHandler]
2018-06-28 18:56:42.424  INFO 7880 --- [restartedMain] .m.m.a.ExceptionHandlerExceptionResolver : Detected @ExceptionHandler methods in invalidTaskExceptionHandler
2018-06-28 18:56:42.759  INFO 7880 --- [restartedMain] o.s.b.d.a.OptionalLiveReloadServer       : LiveReload server is running on port 35729
2018-06-28 18:56:42.813  INFO 7880 --- [restartedMain] o.s.j.e.a.AnnotationMBeanExporter        : Registering beans for JMX exposure on startup
2018-06-28 18:56:42.816  INFO 7880 --- [restartedMain] o.s.j.e.a.AnnotationMBeanExporter        : Bean with name 'dataSource' has been autodetected for JMX exposure
2018-06-28 18:56:42.824  INFO 7880 --- [restartedMain] o.s.j.e.a.AnnotationMBeanExporter        : Bean with name 'connectionFactory' has been autodetected for JMX exposure
2018-06-28 18:56:42.835  INFO 7880 --- [restartedMain] o.s.j.e.a.AnnotationMBeanExporter        : Located managed bean 'connectionFactory': registering with JMX server as MBean [org.springframework.amqp.rabbit.connection:name=connectionFactory,type=CachingConnectionFactory]
2018-06-28 18:56:42.866  INFO 7880 --- [restartedMain] o.s.j.e.a.AnnotationMBeanExporter        : Located MBean 'dataSource': registering with JMX server as MBean [com.zaxxer.hikari:name=dataSource,type=HikariDataSource]
2018-06-28 18:56:42.873  INFO 7880 --- [restartedMain] o.s.c.support.DefaultLifecycleProcessor  : Starting beans in phase 2147483647
2018-06-28 18:56:42.881  INFO 7880 --- [SimpleAsyncTaskExecutor-1] o.s.a.r.c.CachingConnectionFactory       : Attempting to connect to: localhost:5672
2018-06-28 18:56:42.927  INFO 7880 --- [SimpleAsyncTaskExecutor-1] o.s.a.r.c.CachingConnectionFactory       : Created new connection: connectionFactory#39438a96:0/SimpleConnection@118f9591 [delegate=amqp://guest@127.0.0.1:5672/, localPort= 13204]
2018-06-28 18:56:43.083  INFO 7880 --- [restartedMain] o.s.b.w.embedded.tomcat.TomcatWebServer  : Tomcat started on port(s): 8080 (http) with context path ''
2018-06-28 18:56:43.088  INFO 7880 --- [restartedMain] com.gcd.api.ApiApplication               : Started ApiApplication in 6.564 seconds (JVM running for 7.19)
2018-06-28 18:57:49.585  INFO 7880 --- [http-nio-8080-exec-1] o.a.c.c.C.[Tomcat].[localhost].[/]       : Initializing Spring FrameworkServlet 'dispatcherServlet'
2018-06-28 18:57:49.586  INFO 7880 --- [http-nio-8080-exec-1] o.s.web.servlet.DispatcherServlet        : FrameworkServlet 'dispatcherServlet': initialization started
2018-06-28 18:57:49.608  INFO 7880 --- [http-nio-8080-exec-1] o.s.web.servlet.DispatcherServlet        : FrameworkServlet 'dispatcherServlet': initialization completed in 21 ms
2018-06-28 18:57:49.677  INFO 7880 --- [http-nio-8080-exec-1] com.gcd.api.controller.ApiController     : Retrieved task: {"first":24,"second":45}
2018-06-28 18:59:12.112  WARN 7880 --- [http-nio-8080-exec-7] .m.m.a.ExceptionHandlerExceptionResolver : Resolved exception caused by Handler execution: org.springframework.web.HttpMediaTypeNotSupportedException: Content type 'text/plain;charset=UTF-8' not supported
